<?xml version="1.0" encoding="UTF-8"?>
<!-- Generated by org.testng.reporters.JUnitReportReporter -->
<testsuite skipped="0" hostname="Madesh" name="test.loginTest" tests="1" failures="0" timestamp="23 Nov 2022 03:03:19 GMT" time="7.071" errors="0">
  <testcase name="login_Test" time="7.071" classname="test.loginTest"/>
</testsuite> <!-- test.loginTest -->
