<?xml version="1.0" encoding="UTF-8"?>
<!-- Generated by org.testng.reporters.JUnitReportReporter -->
<testsuite skipped="0" hostname="Madesh" name="test.addcustomerTest" tests="1" failures="0" timestamp="23 Nov 2022 03:03:19 GMT" time="10.811" errors="0">
  <testcase name="login_Test" time="10.811" classname="test.addcustomerTest"/>
</testsuite> <!-- test.addcustomerTest -->
